0     b := ?
1     contents b, 0 := ?
2     contents b, 1 := 5
3     r1 := 0
4     pc := ?
5     halt
6     r2 := 5
7     r3 := b
8     r3 := contents r3, 2
9     contents r3, 4 := r2 
10     r4 := b
11     r4 := contents r4, 2
12     r5 := 2
13     r6 := contents r4, 4 + r5 
14     r7 := - r6 
15     r8 := b
16     r8 := contents r8, 2
17     contents r8, 8 := r7 
18     r9 := b
19     r9 := contents r9, 2
20     r10 := not contents r9, 8 
21     r11 := b
22     r11 := contents r11, 2
23     contents r11, 4 := r10 
24     r12 := 1
25     contents b, 4 := r12 
26     r13 := 5
27     r14 := b
28     r14 := contents r14, 2
29     write r13
30     write contents r14, 4
31     r15 := b
32     r15 := contents r15, 2
33     read_integer contents r15, 8
34     r16 := contents b, 1
35     b := contents b, 3
36     pc := r16
37     r17 := 5
38     r18 := 2
39     r19 := r17 
40     r20 := r18 
41     r21 := 1 
42     r22 := 1 
43     r21 := r21 * r17 
44     r23 := r18 = r22 
45     r18 := r18 - r22 
46     pc := 43 if not r23 
47     contents b, 4 := r21 
48     pc := ?
49     pc := 48
50     r24 := contents b, 4
51     r25 := contents b, 8
52     r26 := r24 = r25 
53     pc := ? if not r26
54     r27 := contents b, 4
55     r28 := contents b, 8
56     r29 := r27 = r28 
57     pc := ? if not r29
58     pc := ?
59     r30 := 1
60     r31 := contents b, r30, 5
61     contents b, 4 := r31 
62     r32 := 2
63     r33 := 5
64     contents b, r32, 5 := r33
65     pc := ?
66     r34 := b
67     b := contents r34, 0
68     contents b, 3 := r34
69     contents b, 2 := r34
70     r35 := 5
71     contents b, 0 := b + r35
72     r37 := 75
73     contents b, 1 := r37
74     pc := 6
75     pc := ? if r1
76     r38 := contents b, 1
77     b := contents b, 3
78     pc := r38

***************
DONE WITH MAIN
***************

0, 79
1, 88
4, 37
48, 50
53, 66
57, 59
58, 59
65, 66
75, 76

*********************
DONE WITH PATCH LIST
*********************

